2022-01-12 15:12:56.6027||INFO|WebApiProject.Startup|we love u 
2022-01-12 15:12:56.8481||INFO|Microsoft.Hosting.Lifetime|Application started. Press Ctrl+C to shut down. 
2022-01-12 15:12:56.8907||INFO|Microsoft.Hosting.Lifetime|Hosting environment: Development 
2022-01-12 15:12:56.9111||INFO|Microsoft.Hosting.Lifetime|Content root path: M:\web api\WebApiProject\WebApiProject 
2022-01-12 15:16:40.8765||INFO|WebApiProject.Startup|we love u 
2022-01-12 15:18:29.4887||INFO|WebApiProject.Startup|we love u 
2022-01-12 15:18:29.5637||ERROR|WebApiProject.Startup|error 
2022-01-12 15:18:31.9079||INFO|Microsoft.Hosting.Lifetime|Application started. Press Ctrl+C to shut down. 
2022-01-12 15:18:31.9254||INFO|Microsoft.Hosting.Lifetime|Hosting environment: Development 
2022-01-12 15:18:31.9254||INFO|Microsoft.Hosting.Lifetime|Content root path: M:\web api\WebApiProject\WebApiProject 
2022-01-12 15:19:21.8911||INFO|WebApiProject.Startup|we love u 
2022-01-12 15:19:21.9518||ERROR|WebApiProject.Startup|error 
2022-01-12 15:19:24.0739||ERROR|WebApiProject.Startup|error 
2022-01-12 15:19:25.9773||ERROR|WebApiProject.Startup|error 
2022-01-12 15:19:28.3596||ERROR|WebApiProject.Startup|error 
2022-01-12 15:19:31.0408||ERROR|WebApiProject.Startup|error 
2022-01-12 15:19:33.0319||ERROR|WebApiProject.Startup|error 
2022-01-12 15:19:35.0980||ERROR|WebApiProject.Startup|error 
2022-01-12 15:19:36.9088||ERROR|WebApiProject.Startup|error 
2022-01-12 15:19:38.6243||ERROR|WebApiProject.Startup|error 
2022-01-12 15:19:40.3634||ERROR|WebApiProject.Startup|error 
2022-01-12 15:19:42.0984||ERROR|WebApiProject.Startup|error 
2022-01-12 15:19:43.9379||ERROR|WebApiProject.Startup|error 
2022-01-12 15:19:45.7248||ERROR|WebApiProject.Startup|error 
2022-01-12 15:19:47.4104||ERROR|WebApiProject.Startup|error 
2022-01-12 15:21:00.5632||INFO|WebApiProject.Startup|we love u 
2022-01-12 15:21:00.6290||ERROR|WebApiProject.Startup|error 
2022-01-12 15:21:02.9817||INFO|Microsoft.Hosting.Lifetime|Application started. Press Ctrl+C to shut down. 
2022-01-12 15:21:02.9977||INFO|Microsoft.Hosting.Lifetime|Hosting environment: Development 
2022-01-12 15:21:03.0102||INFO|Microsoft.Hosting.Lifetime|Content root path: M:\web api\WebApiProject\WebApiProject 
2022-01-12 15:25:50.1927||INFO|WebApiProject.Startup|we love u 
2022-01-12 15:25:50.2600||ERROR|WebApiProject.Startup|error 
2022-01-12 15:25:53.4723||INFO|Microsoft.Hosting.Lifetime|Application started. Press Ctrl+C to shut down. 
2022-01-12 15:25:53.4841||INFO|Microsoft.Hosting.Lifetime|Hosting environment: Development 
2022-01-12 15:25:53.4941||INFO|Microsoft.Hosting.Lifetime|Content root path: M:\web api\WebApiProject\WebApiProject 
2022-01-12 15:27:00.2366||INFO|WebApiProject.Startup|we love u 
2022-01-12 15:27:00.3000||ERROR|WebApiProject.Startup|error 
2022-01-12 15:27:02.6182||INFO|Microsoft.Hosting.Lifetime|Application started. Press Ctrl+C to shut down. 
2022-01-12 15:27:02.6182||INFO|Microsoft.Hosting.Lifetime|Hosting environment: Development 
2022-01-12 15:27:02.6346||INFO|Microsoft.Hosting.Lifetime|Content root path: M:\web api\WebApiProject\WebApiProject 
2022-01-12 15:28:21.0329||INFO|WebApiProject.Startup|we love u 
2022-01-12 15:28:21.0936||ERROR|WebApiProject.Startup|error 
2022-01-12 15:28:23.2849||INFO|Microsoft.Hosting.Lifetime|Application started. Press Ctrl+C to shut down. 
2022-01-12 15:28:23.2976||INFO|Microsoft.Hosting.Lifetime|Hosting environment: Development 
2022-01-12 15:28:23.3072||INFO|Microsoft.Hosting.Lifetime|Content root path: M:\web api\WebApiProject\WebApiProject 
